2026-03-22 19:40:20 | INFO     | ==================================================
2026-03-22 19:40:20 | INFO     | 招聘信息采集与岗位分析系统
2026-03-22 19:40:20 | INFO     | ==================================================
2026-03-22 19:40:20 | INFO     | 
【步骤1】抓取岗位数据...
2026-03-22 19:40:20 | INFO     | 关键词: Python, 城市: 北京, 页数: 5
2026-03-22 19:40:20 | INFO     | 开始抓取: 关键词=Python, 城市=北京, 页数=5
2026-03-22 19:40:20 | INFO     | 正在抓取第 1/5 页...
2026-03-22 19:40:20 | INFO     | 请求: https://www.lagou.com/jobs/list_Python?px=new&city=北京&pn=1 (尝试 1/3)
2026-03-22 19:40:20 | DEBUG    | 响应状态: 200, 长度: 15844
2026-03-22 19:40:20 | INFO     | 解析到 0 个岗位
2026-03-22 19:40:20 | INFO     | 第 1 页无数据，可能已到最后一页
2026-03-22 19:40:20 | SUCCESS  | 抓取完成，总计获取 0 个岗位
2026-03-22 19:40:20 | ERROR    | 没有获取到任何岗位数据
2026-03-22 19:40:28 | INFO     | ==================================================
2026-03-22 19:40:28 | INFO     | 招聘信息采集与岗位分析系统
2026-03-22 19:40:28 | INFO     | ==================================================
2026-03-22 19:40:28 | INFO     | 
【步骤1】抓取岗位数据...
2026-03-22 19:40:28 | INFO     | 关键词: Python, 城市: 北京, 页数: 5
2026-03-22 19:40:28 | INFO     | 开始抓取: 关键词=Python, 城市=北京, 页数=5
2026-03-22 19:40:28 | INFO     | 正在抓取第 1/5 页...
2026-03-22 19:40:28 | INFO     | 请求: https://www.lagou.com/jobs/list_Python?px=new&city=北京&pn=1 (尝试 1/3)
2026-03-22 19:40:29 | DEBUG    | 响应状态: 200, 长度: 15844
2026-03-22 19:40:29 | INFO     | 解析到 0 个岗位
2026-03-22 19:40:29 | INFO     | 第 1 页无数据，可能已到最后一页
2026-03-22 19:40:29 | SUCCESS  | 抓取完成，总计获取 0 个岗位
2026-03-22 19:40:29 | ERROR    | 没有获取到任何岗位数据
2026-03-22 19:42:22 | INFO     | ==================================================
2026-03-22 19:42:22 | INFO     | 招聘信息采集与岗位分析系统
2026-03-22 19:42:22 | INFO     | ==================================================
2026-03-22 19:42:22 | INFO     | 
【步骤1】抓取岗位数据...
2026-03-22 19:42:22 | INFO     | 使用演示数据测试...
2026-03-22 19:42:22 | INFO     | 
【步骤2】清洗数据...
2026-03-22 19:42:22 | INFO     | 开始清洗数据，原始数量: 18
2026-03-22 19:42:22 | SUCCESS  | 清洗完成: 18 -> 18 (去除 0 条)
2026-03-22 19:42:22 | INFO     | 
【步骤3】统计分析...
2026-03-22 19:42:22 | INFO     | 开始生成统计分析...
2026-03-22 19:42:22 | SUCCESS  | 统计分析完成
2026-03-22 19:42:22 | INFO     |   总岗位数: 18
2026-03-22 19:42:22 | INFO     |   公司数量: 12
2026-03-22 19:42:22 | INFO     |   城市数量: 5
2026-03-22 19:42:22 | INFO     |   平均薪资: 36.8K/月
2026-03-22 19:42:22 | INFO     | 
【步骤4】导出数据...
2026-03-22 19:42:22 | SUCCESS  | CSV 已导出: data/clean/jobs_20260322_194222.csv
2026-03-22 19:42:22 | SUCCESS  | Excel 已导出: data/clean/jobs_analysis_20260322_194222.xlsx
2026-03-22 19:42:22 | SUCCESS  | 
==================================================
2026-03-22 19:42:22 | SUCCESS  | 处理完成！
2026-03-22 19:42:22 | SUCCESS  | CSV: data/clean/jobs_20260322_194222.csv
2026-03-22 19:42:22 | SUCCESS  | Excel: data/clean/jobs_analysis_20260322_194222.xlsx
2026-03-22 19:42:22 | SUCCESS  | ==================================================
